<?xml version="1.0" encoding="UTF-8"?>
<!-- Generated by org.testng.reporters.JUnitXMLReporter -->
<testsuite ignored="0" hostname="DESKTOP-4FBLBII" failures="0" tests="2" name="Default test" time="30.144" errors="0" timestamp="2022-11-17T06:49:51 GMT-08:00">
  <testcase classname="selenium.grid.docker.selenium.grid.docker.EnvSetupAndTestrunner" name="startDocEnv" time="25.045"/>
  <testcase classname="selenium.grid.docker.selenium.grid.docker.EnvSetupAndTestrunner" name="stopDocEnv" time="5.019"/>
</testsuite> <!-- Default test -->
