<?xml version="1.0" encoding="UTF-8"?>
<!-- Generated by org.testng.reporters.JUnitXMLReporter -->
<testsuite ignored="0" hostname="DESKTOP-4FBLBII" failures="0" tests="4" name="Test" time="47.581" errors="0" timestamp="2022-11-17T06:53:38 GMT-08:00">
  <testcase classname="selenium.grid.docker.selenium.grid.docker.Chromeone" name="Test1" time="9.209"/>
  <testcase classname="selenium.grid.docker.selenium.grid.docker.Chromethree" name="Test1" time="14.409"/>
  <testcase classname="selenium.grid.docker.selenium.grid.docker.Firefoxone" name="Test1" time="17.089"/>
  <testcase classname="selenium.grid.docker.selenium.grid.docker.Chrometwo" name="Test1" time="17.43"/>
</testsuite> <!-- Test -->
